<?xml version="1.0" encoding="UTF-8"?><testsuite errors="2" failures="4" name="Validate error meaasage in sub tier page" skipped="0" tests="30" time="433.89" timestamp="2019-03-15 04:02:36"><testcase name="Log into the GSA website"/><testcase name="This field cannot be empty"/><testcase name=""/><testcase name="Description field is Empty"/><testcase name=""/><testcase name="This field is required"/><testcase name="Required Field"/><testcase name="Agency is Required"/><testcase name=""/><testcase name="CGAC is Required"/><testcase name=""/><testcase name=": Reading CGAC only numbers expection"/><testcase name=""/><testcase name="CGAC only numbers"/><testcase name=""/><testcase name="date field expection"><error message="Cannot locate an element using By.xpath: //*[@id=&quot;primary-content&quot;]/ng-component/div/div[1]/div[3]/div[6]/form/sam-fieldset-wrapper/div/fieldset/sam-date/sam-fieldset-wrapper/div/fieldset/span&#10;For documentation on this error, please visit: http://seleniumhq.org/exceptions/no_such_element.html&#10;Build info: version: '3.11.0', revision: 'e59cfb3', time: '2018-03-11T20:26:55.152Z'&#10;System info: host: 'I07R7C-GF1025', ip: '172.28.64.50', os.name: 'Windows 7', os.arch: 'amd64', os.version: '6.1', java.version: '1.8.0_191'&#10;Driver info: driver.version: unknown&#10;For documentation on this error, please visit: http://seleniumhq.org/exceptions/no_such_element.html&#10;Build info: version: '3.11.0', revision: 'e59cfb3', time: '2018-03-11T20:26:55.152Z'&#10;System info: host: 'I07R7C-GF1025', ip: '172.28.64.50', os.name: 'Windows 7', os.arch: 'amd64', os.version: '6.1', java.version: '1.8.0_191'&#10;Driver info: driver.version: unknown" type="org.openqa.selenium.NoSuchElementException">Cannot locate an element using By.xpath: //*[@id="primary-content"]/ng-component/div/div[1]/div[3]/div[6]/form/sam-fieldset-wrapper/div/fieldset/sam-date/sam-fieldset-wrapper/div/fieldset/span
For documentation on this error, please visit: http://seleniumhq.org/exceptions/no_such_element.html
Build info: version: '3.11.0', revision: 'e59cfb3', time: '2018-03-11T20:26:55.152Z'
System info: host: 'I07R7C-GF1025', ip: '172.28.64.50', os.name: 'Windows 7', os.arch: 'amd64', os.version: '6.1', java.version: '1.8.0_191'
Driver info: driver.version: unknown
For documentation on this error, please visit: http://seleniumhq.org/exceptions/no_such_element.html
Build info: version: '3.11.0', revision: 'e59cfb3', time: '2018-03-11T20:26:55.152Z'
System info: host: 'I07R7C-GF1025', ip: '172.28.64.50', os.name: 'Windows 7', os.arch: 'amd64', os.version: '6.1', java.version: '1.8.0_191'
Driver info: driver.version: unknown</error><system-err>Cannot locate an element using By.xpath: //*[@id="primary-content"]/ng-component/div/div[1]/div[3]/div[6]/form/sam-fieldset-wrapper/div/fieldset/sam-date/sam-fieldset-wrapper/div/fieldset/span
For documentation on this error, please visit: http://seleniumhq.org/exceptions/no_such_element.html
Build info: version: '3.11.0', revision: 'e59cfb3', time: '2018-03-11T20:26:55.152Z'
System info: host: 'I07R7C-GF1025', ip: '172.28.64.50', os.name: 'Windows 7', os.arch: 'amd64', os.version: '6.1', java.version: '1.8.0_191'
Driver info: driver.version: unknown
For documentation on this error, please visit: http://seleniumhq.org/exceptions/no_such_element.html
Build info: version: '3.11.0', revision: 'e59cfb3', time: '2018-03-11T20:26:55.152Z'
System info: host: 'I07R7C-GF1025', ip: '172.28.64.50', os.name: 'Windows 7', os.arch: 'amd64', os.version: '6.1', java.version: '1.8.0_191'
Driver info: driver.version: unknown&#13;
gov.gsa.sam.stepdefinition.NegEditDepartmentSubTierStepDef.date_field_Expection(NegEditDepartmentSubTierStepDef.java:649)&#13;
cucumber.runner.Runner.runPickle(Runner.java:80)&#13;
</system-err></testcase><testcase name=""/><testcase name="Date field"><failure message="expected:&lt;All date fields are required&gt; but was:&lt;null&gt;" type="java.lang.AssertionError">expected:&lt;All date fields are required&gt; but was:&lt;null&gt;</failure><system-err>expected:&lt;All date fields are required&gt; but was:&lt;null&gt;&#13;
gov.gsa.sam.stepdefinition.NegEditDepartmentSubTierStepDef.validate_Only_Number_Error_Message(NegEditDepartmentSubTierStepDef.java:551)&#13;
✽.Validate error message date fields are required(src/test/resources/features/NegEditDepartmentSubTier.feature:170)&#13;
</system-err></testcase><testcase name="Click on federal Hierancy"/><testcase name="Date field expection"><error message="Cannot locate an element using By.xpath: //*[@id=&quot;primary-content&quot;]/ng-component/div/div[1]/div[3]/div[6]/form/sam-fieldset-wrapper/div/fieldset/sam-date/sam-fieldset-wrapper/div/fieldset/span&#10;For documentation on this error, please visit: http://seleniumhq.org/exceptions/no_such_element.html&#10;Build info: version: '3.11.0', revision: 'e59cfb3', time: '2018-03-11T20:26:55.152Z'&#10;System info: host: 'I07R7C-GF1025', ip: '172.28.64.50', os.name: 'Windows 7', os.arch: 'amd64', os.version: '6.1', java.version: '1.8.0_191'&#10;Driver info: driver.version: unknown&#10;For documentation on this error, please visit: http://seleniumhq.org/exceptions/no_such_element.html&#10;Build info: version: '3.11.0', revision: 'e59cfb3', time: '2018-03-11T20:26:55.152Z'&#10;System info: host: 'I07R7C-GF1025', ip: '172.28.64.50', os.name: 'Windows 7', os.arch: 'amd64', os.version: '6.1', java.version: '1.8.0_191'&#10;Driver info: driver.version: unknown" type="org.openqa.selenium.NoSuchElementException">Cannot locate an element using By.xpath: //*[@id="primary-content"]/ng-component/div/div[1]/div[3]/div[6]/form/sam-fieldset-wrapper/div/fieldset/sam-date/sam-fieldset-wrapper/div/fieldset/span
For documentation on this error, please visit: http://seleniumhq.org/exceptions/no_such_element.html
Build info: version: '3.11.0', revision: 'e59cfb3', time: '2018-03-11T20:26:55.152Z'
System info: host: 'I07R7C-GF1025', ip: '172.28.64.50', os.name: 'Windows 7', os.arch: 'amd64', os.version: '6.1', java.version: '1.8.0_191'
Driver info: driver.version: unknown
For documentation on this error, please visit: http://seleniumhq.org/exceptions/no_such_element.html
Build info: version: '3.11.0', revision: 'e59cfb3', time: '2018-03-11T20:26:55.152Z'
System info: host: 'I07R7C-GF1025', ip: '172.28.64.50', os.name: 'Windows 7', os.arch: 'amd64', os.version: '6.1', java.version: '1.8.0_191'
Driver info: driver.version: unknown</error><system-err>Cannot locate an element using By.xpath: //*[@id="primary-content"]/ng-component/div/div[1]/div[3]/div[6]/form/sam-fieldset-wrapper/div/fieldset/sam-date/sam-fieldset-wrapper/div/fieldset/span
For documentation on this error, please visit: http://seleniumhq.org/exceptions/no_such_element.html
Build info: version: '3.11.0', revision: 'e59cfb3', time: '2018-03-11T20:26:55.152Z'
System info: host: 'I07R7C-GF1025', ip: '172.28.64.50', os.name: 'Windows 7', os.arch: 'amd64', os.version: '6.1', java.version: '1.8.0_191'
Driver info: driver.version: unknown
For documentation on this error, please visit: http://seleniumhq.org/exceptions/no_such_element.html
Build info: version: '3.11.0', revision: 'e59cfb3', time: '2018-03-11T20:26:55.152Z'
System info: host: 'I07R7C-GF1025', ip: '172.28.64.50', os.name: 'Windows 7', os.arch: 'amd64', os.version: '6.1', java.version: '1.8.0_191'
Driver info: driver.version: unknown&#13;
gov.gsa.sam.stepdefinition.NegEditDepartmentSubTierStepDef.date_field_Expection(NegEditDepartmentSubTierStepDef.java:649)&#13;
cucumber.runner.Runner.runPickle(Runner.java:80)&#13;
</system-err></testcase><testcase name="Click on federal Hierancy"/><testcase name="Super Admin Edit SubTier"><failure message="expected:&lt;All date fields are required&gt; but was:&lt;null&gt;" type="java.lang.AssertionError">expected:&lt;All date fields are required&gt; but was:&lt;null&gt;</failure><system-err>expected:&lt;All date fields are required&gt; but was:&lt;null&gt;&#13;
gov.gsa.sam.stepdefinition.NegEditDepartmentSubTierStepDef.validate_Only_Number_Error_Message(NegEditDepartmentSubTierStepDef.java:551)&#13;
✽.Validate error message date fields are required(src/test/resources/features/NegEditDepartmentSubTier.feature:229)&#13;
</system-err></testcase><testcase name="0ne"/><testcase name="Agency Code Field Edit SubTier"/><testcase name="Two"/><testcase name="Super Admin Edit SubTier"/><testcase name="browser sign out"/></testsuite>