-------------------------------------------------------------------------------
Test set: gov.gsa.sam.runners.FH2
-------------------------------------------------------------------------------
Tests run: 72, Failures: 3, Errors: 8, Skipped: 0, Time elapsed: 3,005.612 s <<< FAILURE! - in gov.gsa.sam.runners.FH2
date field expection(Validate error meaasage in sub tier page)  Time elapsed: 35.759 s  <<< ERROR!
org.openqa.selenium.TimeoutException: Expected condition failed: waiting for visibility of element located by By.xpath: //*[@id="primary-content"]/ng-component/div/div[1]/div[3]/div[6]/form/sam-fieldset-wrapper/div/fieldset/sam-date/sam-fieldset-wrapper/div/fieldset/span (tried for 30 second(s) with 500 milliseconds interval)
Caused by: org.openqa.selenium.NoSuchElementException: 
Cannot locate an element using By.xpath: //*[@id="primary-content"]/ng-component/div/div[1]/div[3]/div[6]/form/sam-fieldset-wrapper/div/fieldset/sam-date/sam-fieldset-wrapper/div/fieldset/span
For documentation on this error, please visit: http://seleniumhq.org/exceptions/no_such_element.html
Build info: version: '3.11.0', revision: 'e59cfb3', time: '2018-03-11T20:26:55.152Z'
System info: host: 'I07R7C-GF1025', ip: '172.28.64.50', os.name: 'Windows 7', os.arch: 'amd64', os.version: '6.1', java.version: '1.8.0_191'
Driver info: driver.version: unknown

Date field(Validate error meaasage in sub tier page)  Time elapsed: 8.856 s  <<< FAILURE!
java.lang.AssertionError: expected:<All date fields are required> but was:<null>

Date field expection(Validate error meaasage in sub tier page)  Time elapsed: 35.556 s  <<< ERROR!
org.openqa.selenium.TimeoutException: Expected condition failed: waiting for visibility of element located by By.xpath: //*[@id="primary-content"]/ng-component/div/div[1]/div[3]/div[6]/form/sam-fieldset-wrapper/div/fieldset/sam-date/sam-fieldset-wrapper/div/fieldset/span (tried for 30 second(s) with 500 milliseconds interval)
Caused by: org.openqa.selenium.NoSuchElementException: 
Cannot locate an element using By.xpath: //*[@id="primary-content"]/ng-component/div/div[1]/div[3]/div[6]/form/sam-fieldset-wrapper/div/fieldset/sam-date/sam-fieldset-wrapper/div/fieldset/span
For documentation on this error, please visit: http://seleniumhq.org/exceptions/no_such_element.html
Build info: version: '3.11.0', revision: 'e59cfb3', time: '2018-03-11T20:26:55.152Z'
System info: host: 'I07R7C-GF1025', ip: '172.28.64.50', os.name: 'Windows 7', os.arch: 'amd64', os.version: '6.1', java.version: '1.8.0_191'
Driver info: driver.version: unknown

Super Admin Edit SubTier(Validate error meaasage in sub tier page)  Time elapsed: 10.188 s  <<< FAILURE!
java.lang.AssertionError: expected:<All date fields are required> but was:<null>

Submit subTier without filling value(Validate error meaasage in create department and sub tier page)  Time elapsed: 22.469 s  <<< ERROR!
org.openqa.selenium.NoSuchElementException: 
no such element: Unable to locate element: {"method":"xpath","selector":"//*[@id="primary-content"]/ng-component/div/div[1]/div[1]/button"}
  (Session info: chrome=72.0.3626.119)
  (Driver info: chromedriver=2.38.552522 (437e6fbedfa8762dec75e2c5b3ddb86763dc9dcb),platform=Windows NT 6.1.7601 SP1 x86_64) (WARNING: The server did not provide any stacktrace information)
Command duration or timeout: 0 milliseconds
For documentation on this error, please visit: http://seleniumhq.org/exceptions/no_such_element.html
Build info: version: '3.11.0', revision: 'e59cfb3', time: '2018-03-11T20:26:55.152Z'
System info: host: 'I07R7C-GF1025', ip: '172.28.64.50', os.name: 'Windows 7', os.arch: 'amd64', os.version: '6.1', java.version: '1.8.0_191'
Driver info: org.openqa.selenium.remote.RemoteWebDriver
Capabilities {acceptInsecureCerts: false, acceptSslCerts: false, applicationCacheEnabled: false, browserConnectionEnabled: false, browserName: chrome, chrome: {chromedriverVersion: 2.38.552522 (437e6fbedfa876..., userDataDir: C:\Temp\1\scoped_dir8756_32162}, cssSelectorsEnabled: true, databaseEnabled: false, handlesAlerts: true, hasTouchScreen: false, javascriptEnabled: true, locationContextEnabled: true, mobileEmulationEnabled: false, nativeEvents: true, networkConnectionEnabled: false, pageLoadStrategy: normal, platform: XP, platformName: XP, rotatable: false, setWindowRect: true, takesHeapSnapshot: true, takesScreenshot: true, unexpectedAlertBehaviour: , unhandledPromptBehavior: , version: 72.0.3626.119, webStorageEnabled: true}
Session ID: 2c2f3ceeb2e75a2bc0a959263431323e
*** Element info: {Using=xpath, value=//*[@id="primary-content"]/ng-component/div/div[1]/div[1]/button}

EMPTY_NAME(Validate error meaasage in create department and sub tier page)  Time elapsed: 8.767 s  <<< ERROR!
org.openqa.selenium.NoSuchElementException: 
no such element: Unable to locate element: {"method":"xpath","selector":"//*[@id="main-container"]/ng-component/div/div/div[2]/page/div/div/div[1]/div/sam-breadcrumbs/ul/li[3]/a"}
  (Session info: chrome=72.0.3626.119)
  (Driver info: chromedriver=2.38.552522 (437e6fbedfa8762dec75e2c5b3ddb86763dc9dcb),platform=Windows NT 6.1.7601 SP1 x86_64) (WARNING: The server did not provide any stacktrace information)
Command duration or timeout: 0 milliseconds
For documentation on this error, please visit: http://seleniumhq.org/exceptions/no_such_element.html
Build info: version: '3.11.0', revision: 'e59cfb3', time: '2018-03-11T20:26:55.152Z'
System info: host: 'I07R7C-GF1025', ip: '172.28.64.50', os.name: 'Windows 7', os.arch: 'amd64', os.version: '6.1', java.version: '1.8.0_191'
Driver info: org.openqa.selenium.remote.RemoteWebDriver
Capabilities {acceptInsecureCerts: false, acceptSslCerts: false, applicationCacheEnabled: false, browserConnectionEnabled: false, browserName: chrome, chrome: {chromedriverVersion: 2.38.552522 (437e6fbedfa876..., userDataDir: C:\Temp\1\scoped_dir8756_32162}, cssSelectorsEnabled: true, databaseEnabled: false, handlesAlerts: true, hasTouchScreen: false, javascriptEnabled: true, locationContextEnabled: true, mobileEmulationEnabled: false, nativeEvents: true, networkConnectionEnabled: false, pageLoadStrategy: normal, platform: XP, platformName: XP, rotatable: false, setWindowRect: true, takesHeapSnapshot: true, takesScreenshot: true, unexpectedAlertBehaviour: , unhandledPromptBehavior: , version: 72.0.3626.119, webStorageEnabled: true}
Session ID: 2c2f3ceeb2e75a2bc0a959263431323e
*** Element info: {Using=xpath, value=//*[@id="main-container"]/ng-component/div/div/div[2]/page/div/div/div[1]/div/sam-breadcrumbs/ul/li[3]/a}

EMPTY_NAME(Validate error meaasage in create department and sub tier page)  Time elapsed: 8.724 s  <<< ERROR!
org.openqa.selenium.NoSuchElementException: 
no such element: Unable to locate element: {"method":"xpath","selector":"//*[@id="main-container"]/ng-component/div/div/div[2]/page/div/div/div[1]/div/sam-breadcrumbs/ul/li[3]/a"}
  (Session info: chrome=72.0.3626.119)
  (Driver info: chromedriver=2.38.552522 (437e6fbedfa8762dec75e2c5b3ddb86763dc9dcb),platform=Windows NT 6.1.7601 SP1 x86_64) (WARNING: The server did not provide any stacktrace information)
Command duration or timeout: 0 milliseconds
For documentation on this error, please visit: http://seleniumhq.org/exceptions/no_such_element.html
Build info: version: '3.11.0', revision: 'e59cfb3', time: '2018-03-11T20:26:55.152Z'
System info: host: 'I07R7C-GF1025', ip: '172.28.64.50', os.name: 'Windows 7', os.arch: 'amd64', os.version: '6.1', java.version: '1.8.0_191'
Driver info: org.openqa.selenium.remote.RemoteWebDriver
Capabilities {acceptInsecureCerts: false, acceptSslCerts: false, applicationCacheEnabled: false, browserConnectionEnabled: false, browserName: chrome, chrome: {chromedriverVersion: 2.38.552522 (437e6fbedfa876..., userDataDir: C:\Temp\1\scoped_dir8756_32162}, cssSelectorsEnabled: true, databaseEnabled: false, handlesAlerts: true, hasTouchScreen: false, javascriptEnabled: true, locationContextEnabled: true, mobileEmulationEnabled: false, nativeEvents: true, networkConnectionEnabled: false, pageLoadStrategy: normal, platform: XP, platformName: XP, rotatable: false, setWindowRect: true, takesHeapSnapshot: true, takesScreenshot: true, unexpectedAlertBehaviour: , unhandledPromptBehavior: , version: 72.0.3626.119, webStorageEnabled: true}
Session ID: 2c2f3ceeb2e75a2bc0a959263431323e
*** Element info: {Using=xpath, value=//*[@id="main-container"]/ng-component/div/div/div[2]/page/div/div/div[1]/div/sam-breadcrumbs/ul/li[3]/a}

EMPTY_NAME(Validate error meaasage in create department and sub tier page)  Time elapsed: 8.774 s  <<< ERROR!
org.openqa.selenium.NoSuchElementException: 
no such element: Unable to locate element: {"method":"xpath","selector":"//*[@id="main-container"]/ng-component/div/div/div[2]/page/div/div/div[1]/div/sam-breadcrumbs/ul/li[3]/a"}
  (Session info: chrome=72.0.3626.119)
  (Driver info: chromedriver=2.38.552522 (437e6fbedfa8762dec75e2c5b3ddb86763dc9dcb),platform=Windows NT 6.1.7601 SP1 x86_64) (WARNING: The server did not provide any stacktrace information)
Command duration or timeout: 0 milliseconds
For documentation on this error, please visit: http://seleniumhq.org/exceptions/no_such_element.html
Build info: version: '3.11.0', revision: 'e59cfb3', time: '2018-03-11T20:26:55.152Z'
System info: host: 'I07R7C-GF1025', ip: '172.28.64.50', os.name: 'Windows 7', os.arch: 'amd64', os.version: '6.1', java.version: '1.8.0_191'
Driver info: org.openqa.selenium.remote.RemoteWebDriver
Capabilities {acceptInsecureCerts: false, acceptSslCerts: false, applicationCacheEnabled: false, browserConnectionEnabled: false, browserName: chrome, chrome: {chromedriverVersion: 2.38.552522 (437e6fbedfa876..., userDataDir: C:\Temp\1\scoped_dir8756_32162}, cssSelectorsEnabled: true, databaseEnabled: false, handlesAlerts: true, hasTouchScreen: false, javascriptEnabled: true, locationContextEnabled: true, mobileEmulationEnabled: false, nativeEvents: true, networkConnectionEnabled: false, pageLoadStrategy: normal, platform: XP, platformName: XP, rotatable: false, setWindowRect: true, takesHeapSnapshot: true, takesScreenshot: true, unexpectedAlertBehaviour: , unhandledPromptBehavior: , version: 72.0.3626.119, webStorageEnabled: true}
Session ID: 2c2f3ceeb2e75a2bc0a959263431323e
*** Element info: {Using=xpath, value=//*[@id="main-container"]/ng-component/div/div/div[2]/page/div/div/div[1]/div/sam-breadcrumbs/ul/li[3]/a}

Submit subTier by filling value(Validate error meaasage in create department and sub tier page)  Time elapsed: 8.754 s  <<< ERROR!
org.openqa.selenium.NoSuchElementException: 
no such element: Unable to locate element: {"method":"xpath","selector":"//*[@id="main-container"]/ng-component/div/div/div[2]/page/div/div/div[1]/div/sam-breadcrumbs/ul/li[3]/a"}
  (Session info: chrome=72.0.3626.119)
  (Driver info: chromedriver=2.38.552522 (437e6fbedfa8762dec75e2c5b3ddb86763dc9dcb),platform=Windows NT 6.1.7601 SP1 x86_64) (WARNING: The server did not provide any stacktrace information)
Command duration or timeout: 0 milliseconds
For documentation on this error, please visit: http://seleniumhq.org/exceptions/no_such_element.html
Build info: version: '3.11.0', revision: 'e59cfb3', time: '2018-03-11T20:26:55.152Z'
System info: host: 'I07R7C-GF1025', ip: '172.28.64.50', os.name: 'Windows 7', os.arch: 'amd64', os.version: '6.1', java.version: '1.8.0_191'
Driver info: org.openqa.selenium.remote.RemoteWebDriver
Capabilities {acceptInsecureCerts: false, acceptSslCerts: false, applicationCacheEnabled: false, browserConnectionEnabled: false, browserName: chrome, chrome: {chromedriverVersion: 2.38.552522 (437e6fbedfa876..., userDataDir: C:\Temp\1\scoped_dir8756_32162}, cssSelectorsEnabled: true, databaseEnabled: false, handlesAlerts: true, hasTouchScreen: false, javascriptEnabled: true, locationContextEnabled: true, mobileEmulationEnabled: false, nativeEvents: true, networkConnectionEnabled: false, pageLoadStrategy: normal, platform: XP, platformName: XP, rotatable: false, setWindowRect: true, takesHeapSnapshot: true, takesScreenshot: true, unexpectedAlertBehaviour: , unhandledPromptBehavior: , version: 72.0.3626.119, webStorageEnabled: true}
Session ID: 2c2f3ceeb2e75a2bc0a959263431323e
*** Element info: {Using=xpath, value=//*[@id="main-container"]/ng-component/div/div/div[2]/page/div/div/div[1]/div/sam-breadcrumbs/ul/li[3]/a}

EMPTY_NAME(Validate error meaasage in create department and sub tier page)  Time elapsed: 8.749 s  <<< ERROR!
org.openqa.selenium.NoSuchElementException: 
no such element: Unable to locate element: {"method":"xpath","selector":"//*[@id="main-container"]/ng-component/div/div/div[2]/page/div/div/div[1]/div/sam-breadcrumbs/ul/li[3]/a"}
  (Session info: chrome=72.0.3626.119)
  (Driver info: chromedriver=2.38.552522 (437e6fbedfa8762dec75e2c5b3ddb86763dc9dcb),platform=Windows NT 6.1.7601 SP1 x86_64) (WARNING: The server did not provide any stacktrace information)
Command duration or timeout: 0 milliseconds
For documentation on this error, please visit: http://seleniumhq.org/exceptions/no_such_element.html
Build info: version: '3.11.0', revision: 'e59cfb3', time: '2018-03-11T20:26:55.152Z'
System info: host: 'I07R7C-GF1025', ip: '172.28.64.50', os.name: 'Windows 7', os.arch: 'amd64', os.version: '6.1', java.version: '1.8.0_191'
Driver info: org.openqa.selenium.remote.RemoteWebDriver
Capabilities {acceptInsecureCerts: false, acceptSslCerts: false, applicationCacheEnabled: false, browserConnectionEnabled: false, browserName: chrome, chrome: {chromedriverVersion: 2.38.552522 (437e6fbedfa876..., userDataDir: C:\Temp\1\scoped_dir8756_32162}, cssSelectorsEnabled: true, databaseEnabled: false, handlesAlerts: true, hasTouchScreen: false, javascriptEnabled: true, locationContextEnabled: true, mobileEmulationEnabled: false, nativeEvents: true, networkConnectionEnabled: false, pageLoadStrategy: normal, platform: XP, platformName: XP, rotatable: false, setWindowRect: true, takesHeapSnapshot: true, takesScreenshot: true, unexpectedAlertBehaviour: , unhandledPromptBehavior: , version: 72.0.3626.119, webStorageEnabled: true}
Session ID: 2c2f3ceeb2e75a2bc0a959263431323e
*** Element info: {Using=xpath, value=//*[@id="main-container"]/ng-component/div/div/div[2]/page/div/div/div[1]/div/sam-breadcrumbs/ul/li[3]/a}

Validation on office address error messages(Validate error meaasage in office page)  Time elapsed: 253.017 s  <<< FAILURE!
org.junit.ComparisonFailure: expected:<[T96]> but was:<[]>

