<?xml version="1.0" encoding="UTF-8"?><testrun name="CucumberTestSuite" project="rolemangement-selenium" tests="1" started="1" failures="1" errors="0" ignored="0">
  <testsuite name="gov.gsa.sam.rms.stepdefinition.CucumberTestSuite" time="137.648">
    <testsuite name="Feature: Role Request With Feeds" time="137.648">
      <testcase name="role request comment update" classname="Role Request With Feeds" time="137.648">
        <failure>java.lang.AssertionError: expected:&lt;true&gt; but was:&lt;false&gt;&#13;
	at org.junit.Assert.fail(Assert.java:88)&#13;
	at org.junit.Assert.failNotEquals(Assert.java:834)&#13;
	at org.junit.Assert.assertEquals(Assert.java:118)&#13;
	at org.junit.Assert.assertEquals(Assert.java:144)&#13;
	at gov.gsa.sam.rms.stepdefinition.RoleRequestStep._7_the_user_then_updates_the_comments(RoleRequestStep.java:416)&#13;
	at âœ½._7 the user then updates the comments(src/test/resources/features/RoleRequest.feature:77)&#13;
&#13;
</failure>
      </testcase>
    </testsuite>
  </testsuite>
</testrun>
